2019-03-14 17:00:19,477 - invest- ERROR - ÕâÊÇÒ»¸ö´íÎó - logger.py
2019-03-14 17:00:19,480 - invest- INFO - ÕâÊÇÒ»¸öÌáÊ¾ĞÅÏ¢ - logger.py
2019-03-14 17:01:32,051 - invest- ERROR - è¿™æ˜¯ä¸€ä¸ªé”™è¯¯ - logger.py
2019-03-14 17:01:32,051 - invest- INFO - è¿™æ˜¯ä¸€ä¸ªæç¤ºä¿¡æ¯ - logger.py
2019-03-14 17:20:50,257 - invest- ERROR - è¿™æ˜¯ä¸€ä¸ªé”™è¯¯ - [logger.py:20]
2019-03-14 17:21:57,109 - invest- ERROR - è¿™æ˜¯ä¸€ä¸ªé”™è¯¯ - [logger.py:20]
2019-03-14 17:21:57,109 - invest- ERROR - è¿™æ˜¯ä¸€ä¸ªé”™è¯¯ - [logger.py:20]
2019-03-14 17:21:57,110 - invest- INFO - è¿™æ˜¯ä¸€ä¸ªæç¤ºä¿¡æ¯ - [logger.py:21]
2019-03-14 17:21:57,110 - invest- INFO - è¿™æ˜¯ä¸€ä¸ªæç¤ºä¿¡æ¯ - [logger.py:21]
2019-03-14 17:21:57,110 - invest- INFO - è¿™æ˜¯ä¸€ä¸ªæç¤ºä¿¡æ¯ - [logger.py:21]
2019-03-14 17:23:33,780 - invest- ERROR - è¿™æ˜¯ä¸€ä¸ªé”™è¯¯ - [logger.py:20]
2019-03-14 17:23:33,780 - invest- ERROR - è¿™æ˜¯ä¸€ä¸ªé”™è¯¯ - [logger.py:20]
2019-03-14 17:24:11,900 - invest- ERROR - è¿™æ˜¯ä¸€ä¸ªé”™è¯¯ - [logger.py:20]
2019-03-15 10:21:06,384 - login_test- INFO - å¼€å§‹æ‰§è¡Œç¬¬1ä¸ªæµ‹è¯•ç”¨ä¾‹ï¼š - [test_login.py:20]
2019-03-15 10:21:06,525 - login_test- INFO - å¼€å§‹æ‰§è¡Œç¬¬2ä¸ªæµ‹è¯•ç”¨ä¾‹ï¼š - [test_login.py:20]
2019-03-15 10:22:48,072 - login_test- INFO - å¼€å§‹æ‰§è¡Œç¬¬1ä¸ªæµ‹è¯•ç”¨ä¾‹ï¼š - [test_login.py:20]
2019-03-15 10:22:48,214 - login_test- INFO - {"status":1,"code":"10001","data":null,"msg":"ç™»å½•æˆåŠŸ"} - [test_login.py:30]
2019-03-15 10:22:48,215 - login_test- INFO - å¼€å§‹æ‰§è¡Œç¬¬2ä¸ªæµ‹è¯•ç”¨ä¾‹ï¼š - [test_login.py:20]
2019-03-15 10:22:48,310 - login_test- INFO - {"status":0,"code":"20111","data":null,"msg":"ç”¨æˆ·åæˆ–å¯†ç é”™è¯¯"} - [test_login.py:30]
2019-03-15 10:33:58,881 - login_test- INFO - å¼€å§‹æ‰§è¡Œç¬¬1ä¸ªæµ‹è¯•ç”¨ä¾‹ï¼š - [test_login.py:20]
2019-03-15 10:33:59,021 - login_test- INFO - {"status":1,"code":"10001","data":null,"msg":"ç™»å½•æˆåŠŸ"} - [test_login.py:30]
2019-03-15 10:33:59,022 - login_test- INFO - å¼€å§‹æ‰§è¡Œç¬¬2ä¸ªæµ‹è¯•ç”¨ä¾‹ï¼š - [test_login.py:20]
2019-03-15 10:33:59,113 - login_test- INFO - {"status":0,"code":"20111","data":null,"msg":"ç”¨æˆ·åæˆ–å¯†ç é”™è¯¯"} - [test_login.py:30]
